 [INFO ] 2019-08-25 08:39:07 com.viv.log.LoggerMain - New session initiated
[INFO ] 2019-08-25 08:39:32 com.viv.log.LoggerMain - Homepage requested
[WARN ] 2019-08-25 08:40:46 com.viv.log.LoggerMain - New session initiated
[WARN ] 2019-08-25 08:43:06 com.viv.log.LoggerMain - New session initiated
[INFO ] 2019-08-25 08:44:11 com.viv.log.LoggerMain - Homepage requested
[INFO ] 2019-08-25 08:44:13 com.viv.log.LoggerMain - Conversion table requested
[INFO ] 2019-08-25 08:44:38 com.viv.log.LoggerMain - Homepage requested
[WARN ] 2019-08-25 08:46:41 com.viv.log.LoggerMain - New session initiated
[INFO ] 2019-08-25 08:46:53 com.viv.log.LoggerMain - Conversion table requested
[INFO ] 2019-08-25 08:47:06 com.viv.log.LoggerMain - Homepage requested
[INFO ] 2019-08-25 08:47:31 com.viv.log.LoggerMain - Converting USD to GBP
[INFO ] 2019-08-25 08:48:07 com.viv.log.LoggerMain - Converting USD to GBP
[WARN ] 2019-08-25 08:48:35 com.viv.log.LoggerMain - New session initiated
[INFO ] 2019-08-25 08:48:52 com.viv.log.LoggerMain - Converting USD to GBP
[WARN ] 2019-08-25 08:54:26 com.viv.log.LoggerMain - New session initiated
[INFO ] 2019-08-25 08:54:43 com.viv.log.LoggerMain - Homepage requested
[DEBUG] 2019-08-25 08:54:51 com.viv.log.LoggerMain - Converting USD to EURO
[WARN ] 2019-08-25 08:57:21 com.viv.log.LoggerMain - New session initiated
[WARN ] 2019-08-25 09:07:01 com.viv.log.LoggerMain - New session initiated
[WARN ] 2019-08-25 09:14:07 com.viv.log.LoggerMain - New session initiated
[INFO ] 2019-08-25 09:14:17 com.viv.log.LoggerMain - Homepage requested
[WARN ] 2019-08-25 09:20:21 com.viv.log.LoggerMain - New session initiated
[WARN ] 2019-08-25 09:23:12 com.viv.log.LoggerMain - New session initiated
[INFO ] 2019-08-25 09:24:14 com.viv.log.LoggerMain - Homepage requested
[INFO ] 2019-08-25 09:24:15 com.viv.log.LoggerMain - Conversion table requested
[INFO ] 2019-08-25 09:24:19 com.viv.log.LoggerMain - Conversion table requested
[WARN ] 2019-08-25 09:25:15 com.viv.log.LoggerMain - New session initiated
[INFO ] 2019-08-25 09:25:29 com.viv.log.LoggerMain - Homepage requested
[INFO ] 2019-08-25 09:25:31 com.viv.log.LoggerMain - Conversion table requested
[INFO ] 2019-08-25 09:25:57 com.viv.log.LoggerMain - Homepage requested
[DEBUG] 2019-08-25 09:26:04 com.viv.log.LoggerMain - Converting EURO to USD
[WARN ] 2019-08-25 09:33:30 com.viv.log.LoggerMain - New session initiated
[INFO ] 2019-08-25 09:33:38 com.viv.log.LoggerMain - Homepage requested
[DEBUG] 2019-08-25 09:33:45 com.viv.log.LoggerMain - Converting EURO to GBP
[DEBUG] 2019-08-25 09:33:55 com.viv.log.LoggerMain - Converting INR to null
[ERROR] 2019-08-25 09:33:55 com.viv.log.LoggerMain - java.lang.NullPointerException
[DEBUG] 2019-08-25 09:34:02 com.viv.log.LoggerMain - Converting null to GBP
[ERROR] 2019-08-25 09:34:02 com.viv.log.LoggerMain - java.lang.NullPointerException
[DEBUG] 2019-08-25 09:34:16 com.viv.log.LoggerMain - Converting INR to GBP
[DEBUG] 2019-08-25 09:35:15 com.viv.log.LoggerMain - Converting INR to INR
[ERROR] 2019-08-25 09:35:15 com.viv.log.LoggerMain - java.lang.StringIndexOutOfBoundsException: String index out of range: 4
[DEBUG] 2019-08-25 09:35:25 com.viv.log.LoggerMain - Converting INR to INR
[ERROR] 2019-08-25 09:35:25 com.viv.log.LoggerMain - java.lang.StringIndexOutOfBoundsException: String index out of range: 4
[INFO ] 2019-08-25 09:36:11 com.viv.log.LoggerMain - Conversion table requested
[WARN ] 2019-08-25 09:36:57 com.viv.log.LoggerMain - New session initiated
[INFO ] 2019-08-25 09:37:11 com.viv.log.LoggerMain - Homepage requested
[WARN ] 2019-08-25 09:38:03 com.viv.log.LoggerMain - New session initiated
[DEBUG] 2019-08-25 09:38:09 com.viv.log.LoggerMain - Converting GBP to USD
[INFO ] 2019-08-25 09:38:33 com.viv.log.LoggerMain - Conversion table requested
[WARN ] 2019-08-25 09:55:30 com.viv.log.LoggerMain - New session initiated
[INFO ] 2019-08-25 09:55:37 com.viv.log.LoggerMain - Homepage requested
[INFO ] 2019-08-25 09:55:40 com.viv.log.LoggerMain - Conversion table requested
[WARN ] 2019-08-25 09:57:03 com.viv.log.LoggerMain - New session initiated
[INFO ] 2019-08-25 09:57:13 com.viv.log.LoggerMain - Homepage requested
[WARN ] 2019-08-25 09:57:58 com.viv.log.LoggerMain - New session initiated
[WARN ] 2019-08-25 09:59:50 com.viv.log.LoggerMain.initializeLogger(LoggerMain.java:28) - New session initiated
